2024-12-11 04:01:06.115 | INFO     | __main__:publish_message:40 -  [x] Sent 'email,user@lol.com,Notification: Hello!,This is a test email'
2024-12-11 04:01:09.232 | INFO     | __main__:publish_message:40 -  [x] Sent 'email,user@lol.com,Notification: Hello!,This is a test email'
2024-12-11 04:01:12.339 | INFO     | __main__:publish_message:40 -  [x] Sent 'email,user@lol.com,Notification: Hello!,This is a test email'
2024-12-11 04:01:15.461 | INFO     | __main__:publish_message:40 -  [x] Sent 'email,user@lol.com,Notification: Hello!,This is a test email'
2024-12-11 04:03:38.909 | INFO     | __main__:publish_message:40 -  [x] Sent 'error,user@lol.com,Notification: Hello, error!,This is a test error'
2024-12-11 04:03:42.028 | INFO     | __main__:publish_message:40 -  [x] Sent 'sms,user@lol.com,Notification: Hello, sms!,This is a test sms'
2024-12-11 04:03:45.127 | INFO     | __main__:publish_message:40 -  [x] Sent 'error,user@lol.com,Notification: Hello, error!,This is a test error'
2024-12-11 04:03:48.243 | INFO     | __main__:publish_message:40 -  [x] Sent 'error,user@lol.com,Notification: Hello, error!,This is a test error'
2024-12-11 04:03:51.339 | INFO     | __main__:publish_message:40 -  [x] Sent 'sms,user@lol.com,Notification: Hello, sms!,This is a test sms'
2024-12-11 04:03:54.451 | INFO     | __main__:publish_message:40 -  [x] Sent 'alert,user@lol.com,Notification: Hello, alert!,This is a test alert'
2024-12-11 04:04:54.560 | INFO     | __main__:publish_message:40 -  [x] Sent 'email,user@lol.com,Notification: Hello, sms!,This is a test sms'
2024-12-11 04:04:57.683 | INFO     | __main__:publish_message:40 -  [x] Sent 'email,user@lol.com,Notification: Hello, error!,This is a test error'
2024-12-11 04:05:00.792 | INFO     | __main__:publish_message:40 -  [x] Sent 'email,user@lol.com,Notification: Hello, email!,This is a test email'
2024-12-11 04:05:03.880 | INFO     | __main__:publish_message:40 -  [x] Sent 'email,user@lol.com,Notification: Hello, sms!,This is a test sms'
2024-12-11 04:05:06.985 | INFO     | __main__:publish_message:40 -  [x] Sent 'email,user@lol.com,Notification: Hello, sms!,This is a test sms'
2024-12-11 04:05:10.113 | INFO     | __main__:publish_message:40 -  [x] Sent 'email,user@lol.com,Notification: Hello, sms!,This is a test sms'
2024-12-11 04:06:17.200 | INFO     | __main__:publish_message:40 -  [x] Sent 'email,user@lol.com,Notification: Hello, sms!,This is a test sms'
2024-12-11 04:06:20.323 | INFO     | __main__:publish_message:40 -  [x] Sent 'email,user@lol.com,Notification: Hello, error!,This is a test error'
2024-12-11 04:06:23.431 | INFO     | __main__:publish_message:40 -  [x] Sent 'email,user@lol.com,Notification: Hello, alert!,This is a test alert'
2024-12-11 04:06:26.544 | INFO     | __main__:publish_message:40 -  [x] Sent 'email,user@lol.com,Notification: Hello, sms!,This is a test sms'
2024-12-11 04:06:29.664 | INFO     | __main__:publish_message:40 -  [x] Sent 'email,user@lol.com,Notification: Hello, alert!,This is a test alert'
2024-12-11 04:06:32.750 | INFO     | __main__:publish_message:40 -  [x] Sent 'email,user@lol.com,Notification: Hello, info!,This is a test info'
2024-12-11 04:08:13.447 | INFO     | __main__:publish_message:40 -  [x] Sent 'email,user@lol.com,Notification: Hello, error!,This is a test error'
2024-12-11 04:08:16.570 | INFO     | __main__:publish_message:40 -  [x] Sent 'email,user@lol.com,Notification: Hello, email!,This is a test email'
2024-12-11 04:08:19.697 | INFO     | __main__:publish_message:40 -  [x] Sent 'email,user@lol.com,Notification: Hello, email!,This is a test email'
2024-12-11 04:10:14.903 | INFO     | __main__:publish_message:40 -  [x] Sent 'email, error, user@lol.com,Notification: Hello, error!,This is a test error'
2024-12-11 04:10:18.015 | INFO     | __main__:publish_message:40 -  [x] Sent 'email, error, user@lol.com,Notification: Hello, error!,This is a test error'
2024-12-11 04:10:21.123 | INFO     | __main__:publish_message:40 -  [x] Sent 'email, info, user@lol.com,Notification: Hello, info!,This is a test info'
2024-12-11 04:10:24.235 | INFO     | __main__:publish_message:40 -  [x] Sent 'email, info, user@lol.com,Notification: Hello, info!,This is a test info'
2024-12-11 04:10:27.326 | INFO     | __main__:publish_message:40 -  [x] Sent 'email, sms, user@lol.com,Notification: Hello, sms!,This is a test sms'
2024-12-11 04:10:30.433 | INFO     | __main__:publish_message:40 -  [x] Sent 'email, error, user@lol.com,Notification: Hello, error!,This is a test error'
2024-12-11 04:10:33.529 | INFO     | __main__:publish_message:40 -  [x] Sent 'email, info, user@lol.com,Notification: Hello, info!,This is a test info'
2024-12-11 04:10:36.630 | INFO     | __main__:publish_message:40 -  [x] Sent 'email, sms, user@lol.com,Notification: Hello, sms!,This is a test sms'
2024-12-11 04:13:18.841 | INFO     | __main__:publish_message:40 -  [x] Sent 'email,error,user@lol.com,Notification: Hello, error!,This is a test error'
2024-12-11 04:13:21.942 | INFO     | __main__:publish_message:40 -  [x] Sent 'email,email,user@lol.com,Notification: Hello, email!,This is a test email'
2024-12-11 04:13:25.054 | INFO     | __main__:publish_message:40 -  [x] Sent 'email,info,user@lol.com,Notification: Hello, info!,This is a test info'
2024-12-11 04:13:28.174 | INFO     | __main__:publish_message:40 -  [x] Sent 'email,alert,user@lol.com,Notification: Hello, alert!,This is a test alert'
2024-12-11 04:13:31.296 | INFO     | __main__:publish_message:40 -  [x] Sent 'email,error,user@lol.com,Notification: Hello, error!,This is a test error'
2024-12-11 04:13:34.382 | INFO     | __main__:publish_message:40 -  [x] Sent 'email,sms,user@lol.com,Notification: Hello, sms!,This is a test sms'
2024-12-11 04:13:37.501 | INFO     | __main__:publish_message:40 -  [x] Sent 'email,error,user@lol.com,Notification: Hello, error!,This is a test error'
2024-12-11 04:14:39.402 | INFO     | __main__:publish_message:40 -  [x] Sent 'email,error,user@lol.com,Notification: Hello error!,This is a test error'
2024-12-11 04:14:42.515 | INFO     | __main__:publish_message:40 -  [x] Sent 'email,alert,user@lol.com,Notification: Hello alert!,This is a test alert'
2024-12-11 04:14:45.609 | INFO     | __main__:publish_message:40 -  [x] Sent 'email,sms,user@lol.com,Notification: Hello sms!,This is a test sms'
2024-12-11 04:14:48.721 | INFO     | __main__:publish_message:40 -  [x] Sent 'email,error,user@lol.com,Notification: Hello error!,This is a test error'
2024-12-11 04:14:51.848 | INFO     | __main__:publish_message:40 -  [x] Sent 'email,alert,user@lol.com,Notification: Hello alert!,This is a test alert'
2024-12-11 04:14:54.961 | INFO     | __main__:publish_message:40 -  [x] Sent 'email,email,user@lol.com,Notification: Hello email!,This is a test email'
2024-12-11 04:14:58.082 | INFO     | __main__:publish_message:40 -  [x] Sent 'email,info,user@lol.com,Notification: Hello info!,This is a test info'
2024-12-11 04:15:01.213 | INFO     | __main__:publish_message:40 -  [x] Sent 'email,sms,user@lol.com,Notification: Hello sms!,This is a test sms'
2024-12-11 04:15:04.339 | INFO     | __main__:publish_message:40 -  [x] Sent 'email,info,user@lol.com,Notification: Hello info!,This is a test info'
